<?xml version="1.0" encoding="UTF-8"?>
<!-- Generated by org.testng.reporters.JUnitReportReporter -->
<testsuite skipped="1" hostname="DESKTOP-5G6A0DI" name="zalora.testCases.selectBrandsForFilter" tests="1" failures="0" timestamp="24 Feb 2019 22:17:10 GMT" time="0.000" errors="0">
  <testcase name="selectBrandsForFilter" time="0.000" classname="zalora.testCases.selectBrandsForFilter">
    <skipped/>
  </testcase> <!-- selectBrandsForFilter -->
</testsuite> <!-- zalora.testCases.selectBrandsForFilter -->
