<?xml version="1.0" encoding="UTF-8"?>
<!-- Generated by org.testng.reporters.JUnitReportReporter -->
<testsuite skipped="0" hostname="pc-000951-2" name="zalora.testCases.selectBrandsForFilter" tests="1" failures="0" timestamp="25 Feb 2019 08:30:45 GMT" time="54.665" errors="0">
  <testcase name="selectBrandsForFiltering" time="54.665" classname="zalora.testCases.selectBrandsForFilter"/>
</testsuite> <!-- zalora.testCases.selectBrandsForFilter -->
